<?xml version="1.0" encoding="UTF-8"?>
<!-- Generated by org.testng.reporters.JUnitXMLReporter -->
<testsuite hostname="DESKTOP-PGP87JA" ignored="0" name="Default test" tests="3" failures="0" timestamp="05 Sep 2020 17:13:09 GMT" time="20.319" errors="0">
  <testcase name="@BeforeClass loginToApp" time="18.711" classname="testScripts.FunctionalTestClass">
    <failure type="java.lang.AssertionError" message="expected [Find a Flight: Mercury Tours:] but found [Login: Mercury Tours]">
      <![CDATA[java.lang.AssertionError: expected [Find a Flight: Mercury Tours:] but found [Login: Mercury Tours]
at org.testng.Assert.fail(Assert.java:96)
at org.testng.Assert.failNotEquals(Assert.java:776)
at org.testng.Assert.assertEqualsImpl(Assert.java:137)
at org.testng.Assert.assertEquals(Assert.java:118)
at org.testng.Assert.assertEquals(Assert.java:453)
at org.testng.Assert.assertEquals(Assert.java:463)
at testScripts.FunctionalTestClass.loginToApp(FunctionalTestClass.java:59)
at sun.reflect.NativeMethodAccessorImpl.invoke0(Native Method)
at sun.reflect.NativeMethodAccessorImpl.invoke(NativeMethodAccessorImpl.java:62)
at sun.reflect.DelegatingMethodAccessorImpl.invoke(DelegatingMethodAccessorImpl.java:43)
at java.lang.reflect.Method.invoke(Method.java:498)
at org.testng.internal.MethodInvocationHelper.invokeMethod(MethodInvocationHelper.java:124)
at org.testng.internal.MethodInvocationHelper.invokeMethodConsideringTimeout(MethodInvocationHelper.java:59)
at org.testng.internal.Invoker.invokeConfigurationMethod(Invoker.java:458)
at org.testng.internal.Invoker.invokeConfigurations(Invoker.java:222)
at org.testng.internal.Invoker.invokeConfigurations(Invoker.java:142)
at org.testng.internal.TestMethodWorker.invokeBeforeClassMethods(TestMethodWorker.java:168)
at org.testng.internal.TestMethodWorker.run(TestMethodWorker.java:105)
at org.testng.TestRunner.privateRun(TestRunner.java:648)
at org.testng.TestRunner.run(TestRunner.java:505)
at org.testng.SuiteRunner.runTest(SuiteRunner.java:455)
at org.testng.SuiteRunner.runSequentially(SuiteRunner.java:450)
at org.testng.SuiteRunner.privateRun(SuiteRunner.java:415)
at org.testng.SuiteRunner.run(SuiteRunner.java:364)
at org.testng.SuiteRunnerWorker.runSuite(SuiteRunnerWorker.java:52)
at org.testng.SuiteRunnerWorker.run(SuiteRunnerWorker.java:84)
at org.testng.TestNG.runSuitesSequentially(TestNG.java:1208)
at org.testng.TestNG.runSuitesLocally(TestNG.java:1137)
at org.testng.TestNG.runSuites(TestNG.java:1049)
at org.testng.TestNG.run(TestNG.java:1017)
at org.testng.remote.AbstractRemoteTestNG.run(AbstractRemoteTestNG.java:115)
at org.testng.remote.RemoteTestNG.initAndRun(RemoteTestNG.java:251)
at org.testng.remote.RemoteTestNG.main(RemoteTestNG.java:77)
]]>
    </failure>
  </testcase> <!-- @BeforeClass loginToApp -->
  <testcase name="@BeforeMethod beforeTest" time="0.0" classname="testScripts.FunctionalTestClass">
    <skipped/>
  </testcase> <!-- @BeforeMethod beforeTest -->
  <testcase name="@AfterMethod afterTest" time="0.0" classname="testScripts.FunctionalTestClass">
    <skipped/>
  </testcase> <!-- @AfterMethod afterTest -->
  <testcase name="@BeforeMethod beforeTest" time="0.0" classname="testScripts.FunctionalTestClass">
    <skipped/>
  </testcase> <!-- @BeforeMethod beforeTest -->
  <testcase name="@AfterMethod afterTest" time="0.0" classname="testScripts.FunctionalTestClass">
    <skipped/>
  </testcase> <!-- @AfterMethod afterTest -->
  <testcase name="@BeforeMethod beforeTest" time="0.0" classname="testScripts.FunctionalTestClass">
    <skipped/>
  </testcase> <!-- @BeforeMethod beforeTest -->
  <testcase name="@AfterMethod afterTest" time="0.0" classname="testScripts.FunctionalTestClass">
    <skipped/>
  </testcase> <!-- @AfterMethod afterTest -->
  <testcase name="@AfterClass logoutApp" time="0.0" classname="testScripts.FunctionalTestClass">
    <skipped/>
  </testcase> <!-- @AfterClass logoutApp -->
  <testcase name="mercuryTicketBooking on [FunctionalTestClass passed=0 failed=0 skipped=0]" time="0.0" classname="testScripts.FunctionalTestClass">
    <skipped/>
  </testcase> <!-- mercuryTicketBooking on [FunctionalTestClass passed=0 failed=0 skipped=0] -->
  <testcase name="mercuryTicketBooking on [FunctionalTestClass passed=0 failed=0 skipped=0]" time="0.0" classname="testScripts.FunctionalTestClass">
    <skipped/>
  </testcase> <!-- mercuryTicketBooking on [FunctionalTestClass passed=0 failed=0 skipped=0] -->
  <testcase name="mercuryTicketBooking on [FunctionalTestClass passed=0 failed=0 skipped=0]" time="0.0" classname="testScripts.FunctionalTestClass">
    <skipped/>
  </testcase> <!-- mercuryTicketBooking on [FunctionalTestClass passed=0 failed=0 skipped=0] -->
</testsuite> <!-- Default test -->
